INFO:root:Epoch 1 loss: 0.033676
INFO:root:Epoch 2 loss: 0.018604
INFO:root:Epoch 3 loss: 0.017637
INFO:root:Epoch 4 loss: 0.012207
INFO:root:Epoch 5 loss: 0.010133
INFO:root:Epoch 6 loss: 0.009097
INFO:root:Epoch 7 loss: 0.008447
INFO:root:Epoch 8 loss: 0.007016
INFO:root:Epoch 9 loss: 0.006191
INFO:root:Epoch 10 loss: 0.005299
INFO:root:Epoch 11 loss: 0.004413
INFO:root:Epoch 12 loss: 0.005016
INFO:root:Epoch 13 loss: 0.003647
INFO:root:Epoch 14 loss: 0.004050
INFO:root:Epoch 15 loss: 0.002613
INFO:root:Epoch 16 loss: 0.002088
INFO:root:Epoch 17 loss: 0.002895
INFO:root:Epoch 18 loss: 0.001569
INFO:root:Epoch 19 loss: 0.001322
INFO:root:Epoch 20 loss: 0.001251
INFO:root:Epoch 21 loss: 0.001270
INFO:root:Epoch 22 loss: 0.000930
INFO:root:Epoch 23 loss: 0.001731
INFO:root:Epoch 24 loss: 0.000815
INFO:root:Epoch 25 loss: 0.000878
INFO:root:Epoch 26 loss: 0.001585
INFO:root:Epoch 27 loss: 0.000673
INFO:root:Epoch 28 loss: 0.000737
INFO:root:Epoch 29 loss: 0.000772
INFO:root:Epoch 30 loss: 0.000612
INFO:root:Epoch 31 loss: 0.000677
INFO:root:Epoch 32 loss: 0.000457
INFO:root:Epoch 33 loss: 0.000469
INFO:root:Epoch 34 loss: 0.000425
INFO:root:Epoch 35 loss: 0.000487
INFO:root:Epoch 36 loss: 0.000390
INFO:root:Epoch 37 loss: 0.000562
INFO:root:Epoch 38 loss: 0.000452
INFO:root:Epoch 39 loss: 0.000340
INFO:root:Epoch 40 loss: 0.000491
INFO:root:Epoch 41 loss: 0.000437
INFO:root:Epoch 42 loss: 0.000475
INFO:root:Epoch 43 loss: 0.000345
INFO:root:Epoch 44 loss: 0.000290
INFO:root:Epoch 45 loss: 0.001468
INFO:root:Epoch 46 loss: 0.000263
INFO:root:Epoch 47 loss: 0.000468
INFO:root:Epoch 48 loss: 0.000248
INFO:root:Epoch 49 loss: 0.000265
INFO:root:Epoch 50 loss: 0.000226
INFO:root:Epoch 51 loss: 0.000216
INFO:root:Epoch 52 loss: 0.000238
INFO:root:Epoch 53 loss: 0.000213
INFO:root:Epoch 54 loss: 0.000274
INFO:root:Epoch 55 loss: 0.000242
INFO:root:Epoch 56 loss: 0.000621
INFO:root:Epoch 57 loss: 0.000730
INFO:root:Epoch 58 loss: 0.000256
INFO:root:Epoch 59 loss: 0.000198
INFO:root:Epoch 60 loss: 0.000207
INFO:root:Epoch 61 loss: 0.000245
INFO:root:Epoch 62 loss: 0.000181
INFO:root:Epoch 63 loss: 0.000237
INFO:root:Epoch 64 loss: 0.000173
INFO:root:Epoch 65 loss: 0.000182
INFO:root:Epoch 66 loss: 0.000245
INFO:root:Epoch 67 loss: 0.000215
INFO:root:Epoch 68 loss: 0.000150
INFO:root:Epoch 69 loss: 0.000164
INFO:root:Epoch 70 loss: 0.000222
