INFO:root:Epoch 1,lr: 1e-05, loss_train: 0.042093, loss_val: 0.041240
INFO:root:Epoch 2,lr: 1e-05, loss_train: 0.027488, loss_val: 0.028144
INFO:root:Epoch 3,lr: 1e-05, loss_train: 0.022014, loss_val: 0.022218
INFO:root:Epoch 4,lr: 1e-05, loss_train: 0.018370, loss_val: 0.018386
INFO:root:Epoch 5,lr: 1e-05, loss_train: 0.015966, loss_val: 0.015805
INFO:root:Epoch 6,lr: 1e-05, loss_train: 0.014051, loss_val: 0.013862
INFO:root:Epoch 7,lr: 1e-05, loss_train: 0.012212, loss_val: 0.012040
INFO:root:Epoch 8,lr: 1e-05, loss_train: 0.010603, loss_val: 0.010667
INFO:root:Epoch 9,lr: 1e-05, loss_train: 0.009290, loss_val: 0.009321
INFO:root:Epoch 10,lr: 1e-05, loss_train: 0.008240, loss_val: 0.008231
INFO:root:Epoch 11,lr: 1e-05, loss_train: 0.007130, loss_val: 0.007241
INFO:root:Epoch 12,lr: 1e-05, loss_train: 0.006328, loss_val: 0.006285
INFO:root:Epoch 13,lr: 1e-05, loss_train: 0.005570, loss_val: 0.005602
INFO:root:Epoch 14,lr: 1e-05, loss_train: 0.004857, loss_val: 0.004845
INFO:root:Epoch 15,lr: 1e-05, loss_train: 0.004607, loss_val: 0.004378
INFO:root:Epoch 16,lr: 1e-05, loss_train: 0.003808, loss_val: 0.003812
INFO:root:Epoch 17,lr: 1e-05, loss_train: 0.003319, loss_val: 0.003315
INFO:root:Epoch 18,lr: 1e-05, loss_train: 0.002965, loss_val: 0.003008
INFO:root:Epoch 19,lr: 1e-05, loss_train: 0.003504, loss_val: 0.004179
INFO:root:Epoch 20,lr: 1e-05, loss_train: 0.002682, loss_val: 0.002570
INFO:root:Epoch 21,lr: 1e-05, loss_train: 0.002441, loss_val: 0.002292
INFO:root:Epoch 22,lr: 1e-05, loss_train: 0.001937, loss_val: 0.001949
INFO:root:Epoch 23,lr: 1e-05, loss_train: 0.001804, loss_val: 0.001792
INFO:root:Epoch 24,lr: 1e-05, loss_train: 0.001722, loss_val: 0.001735
INFO:root:Epoch 25,lr: 1e-05, loss_train: 0.001483, loss_val: 0.001541
INFO:root:Epoch 26,lr: 1e-05, loss_train: 0.001411, loss_val: 0.001433
INFO:root:Epoch 27,lr: 1e-05, loss_train: 0.002895, loss_val: 0.001875
INFO:root:Epoch 28,lr: 1e-05, loss_train: 0.001197, loss_val: 0.001233
INFO:root:Epoch 29,lr: 1e-05, loss_train: 0.001205, loss_val: 0.001215
INFO:root:Epoch 30,lr: 1e-05, loss_train: 0.001221, loss_val: 0.001133
INFO:root:Epoch 31,lr: 1e-05, loss_train: 0.001034, loss_val: 0.001045
INFO:root:Epoch 32,lr: 1e-05, loss_train: 0.000957, loss_val: 0.001001
INFO:root:Epoch 33,lr: 1e-05, loss_train: 0.000915, loss_val: 0.000938
INFO:root:Epoch 34,lr: 1e-05, loss_train: 0.001127, loss_val: 0.001010
INFO:root:Epoch 35,lr: 1e-05, loss_train: 0.000856, loss_val: 0.000829
INFO:root:Epoch 36,lr: 1e-05, loss_train: 0.000804, loss_val: 0.000977
INFO:root:Epoch 37,lr: 1e-05, loss_train: 0.001426, loss_val: 0.001068
INFO:root:Epoch 38,lr: 1e-05, loss_train: 0.001624, loss_val: 0.001270
INFO:root:Epoch 39,lr: 1e-06, loss_train: 0.000676, loss_val: 0.000706
INFO:root:Epoch 40,lr: 1e-06, loss_train: 0.000699, loss_val: 0.000680
INFO:root:Epoch 41,lr: 1e-06, loss_train: 0.000692, loss_val: 0.000667
INFO:root:Epoch 42,lr: 1e-06, loss_train: 0.000650, loss_val: 0.000635
INFO:root:Epoch 43,lr: 1e-06, loss_train: 0.000618, loss_val: 0.000636
INFO:root:Epoch 44,lr: 1e-06, loss_train: 0.000611, loss_val: 0.000622
INFO:root:Epoch 45,lr: 1e-06, loss_train: 0.000596, loss_val: 0.000616
INFO:root:Epoch 46,lr: 1e-06, loss_train: 0.000587, loss_val: 0.000595
INFO:root:Epoch 47,lr: 1e-06, loss_train: 0.000579, loss_val: 0.000578
INFO:root:Epoch 48,lr: 1e-06, loss_train: 0.000595, loss_val: 0.000570
INFO:root:Epoch 49,lr: 1e-06, loss_train: 0.000576, loss_val: 0.000563
INFO:root:Epoch 50,lr: 1e-06, loss_train: 0.000579, loss_val: 0.000576
INFO:root:Epoch 51,lr: 1e-06, loss_train: 0.000583, loss_val: 0.000551
INFO:root:Epoch 52,lr: 1e-06, loss_train: 0.000598, loss_val: 0.000560
INFO:root:Epoch 53,lr: 1e-06, loss_train: 0.000526, loss_val: 0.000545
INFO:root:Epoch 54,lr: 1e-06, loss_train: 0.000526, loss_val: 0.000557
INFO:root:Epoch 55,lr: 1e-06, loss_train: 0.000490, loss_val: 0.000534
INFO:root:Epoch 56,lr: 1e-06, loss_train: 0.000508, loss_val: 0.000519
INFO:root:Epoch 57,lr: 1e-06, loss_train: 0.000516, loss_val: 0.000580
INFO:root:Epoch 58,lr: 1e-06, loss_train: 0.000503, loss_val: 0.000496
INFO:root:Epoch 59,lr: 1e-06, loss_train: 0.000500, loss_val: 0.000500
INFO:root:Epoch 60,lr: 1e-06, loss_train: 0.000502, loss_val: 0.000499
INFO:root:Epoch 61,lr: 1e-06, loss_train: 0.000491, loss_val: 0.000494
INFO:root:Epoch 62,lr: 1e-06, loss_train: 0.000444, loss_val: 0.000467
INFO:root:Epoch 63,lr: 1e-06, loss_train: 0.000486, loss_val: 0.000463
INFO:root:Epoch 64,lr: 1e-06, loss_train: 0.000455, loss_val: 0.000442
INFO:root:Epoch 65,lr: 1e-06, loss_train: 0.000445, loss_val: 0.000456
INFO:root:Epoch 66,lr: 1e-06, loss_train: 0.000446, loss_val: 0.000454
INFO:root:Epoch 67,lr: 1e-06, loss_train: 0.000450, loss_val: 0.000433
INFO:root:Epoch 68,lr: 1e-06, loss_train: 0.000430, loss_val: 0.000421
INFO:root:Epoch 69,lr: 1e-06, loss_train: 0.000436, loss_val: 0.000446
INFO:root:Epoch 70,lr: 1e-06, loss_train: 0.000461, loss_val: 0.000474
INFO:root:Epoch 71,lr: 1e-06, loss_train: 0.000436, loss_val: 0.000430
INFO:root:Epoch 72,lr: 1e-07, loss_train: 0.000415, loss_val: 0.000411
INFO:root:Epoch 73,lr: 1e-07, loss_train: 0.000424, loss_val: 0.000408
INFO:root:Epoch 74,lr: 1e-07, loss_train: 0.000427, loss_val: 0.000410
INFO:root:Epoch 75,lr: 1e-07, loss_train: 0.000442, loss_val: 0.000440
INFO:root:Epoch 76,lr: 1e-07, loss_train: 0.000421, loss_val: 0.000418
INFO:root:Epoch 77,lr: 1e-07, loss_train: 0.000421, loss_val: 0.000411
INFO:root:Epoch 78,lr: 1e-07, loss_train: 0.000408, loss_val: 0.000400
INFO:root:Epoch 79,lr: 1e-07, loss_train: 0.000404, loss_val: 0.000408
INFO:root:Epoch 80,lr: 1e-07, loss_train: 0.000411, loss_val: 0.000404
INFO:root:Epoch 81,lr: 1e-07, loss_train: 0.000398, loss_val: 0.000413
INFO:root:Epoch 82,lr: 1e-07, loss_train: 0.000398, loss_val: 0.000423
INFO:root:Epoch 83,lr: 1e-07, loss_train: 0.000405, loss_val: 0.000416
INFO:root:Epoch 84,lr: 1e-07, loss_train: 0.000426, loss_val: 0.000399
INFO:root:Epoch 85,lr: 1e-07, loss_train: 0.000409, loss_val: 0.000410
INFO:root:Epoch 86,lr: 1e-07, loss_train: 0.000378, loss_val: 0.000391
INFO:root:Epoch 87,lr: 1e-07, loss_train: 0.000392, loss_val: 0.000399
INFO:root:Epoch 88,lr: 1e-07, loss_train: 0.000416, loss_val: 0.000397
INFO:root:Epoch 89,lr: 1e-07, loss_train: 0.000433, loss_val: 0.000396
INFO:root:Epoch 90,lr: 1e-07, loss_train: 0.000432, loss_val: 0.000399
INFO:root:Epoch 91,lr: 1e-07, loss_train: 0.000404, loss_val: 0.000388
INFO:root:Epoch 92,lr: 1e-07, loss_train: 0.000417, loss_val: 0.000400
